#20201125 masa
ruby bn0.rb
# step|nodes
# ----+--------------------
#   0: 1, 0, 0
#   1: 0, 1, 0
#   2: 1, 0, 1
#   3: 0, 1, 0
#   4: 1, 0, 1
#   5: 0, 1, 0
#   6: 1, 0, 1
#   7: 0, 1, 0
#   8: 1, 0, 1
#   9: 0, 1, 0

ruby bn1.rb
# STEP|NODES
# ----+--------------------
#   0: 1, 0, 0
#   1: 0, 1, 0
#   2: 1, 0, 1
#   3: 0, 1, 0
#   4: 1, 0, 1
#   5: 0, 1, 0
#   6: 1, 0, 1
#   7: 0, 1, 0
#   8: 1, 0, 1
#   9: 0, 1, 0

ruby bn2.rb
# 
# nodes = [0, 0, 0]
# 
# Boolean function matrix
#   | 0 1 2
# ---------
#  0|-1 0 0
#  1| 2 0 0
#  2| 0 1 0
# 
# node[0] = 1 & ~node[0]
# node[1] = 0 | node[0]
# node[2] = 1 & node[1]
# 
# step|nodes
# ----+--------------------
#   0: 0, 0, 0
#   1: 1, 0, 0
#   2: 0, 1, 0
#   3: 1, 0, 1
#   4: 0, 1, 0
#   5: 1, 0, 1
#   6: 0, 1, 0
#   7: 1, 0, 1
#   8: 0, 1, 0
#   9: 1, 0, 1
#  10: 0, 1, 0


# 20210708 bn3.rb
ruby bn3.rb
#rseed = 445
#
#init value = 1 (001)
#nodes = [0, 0, 1]
#
#Boolean function matrix
#  | 0 1 2
#---------
# 0| 1-2-1
# 1| 1-2 0
# 2| 1-1-2
#
#node[0] = 1 & node[0] | ~node[1] & ~node[2]
#node[1] = 1 & node[0] | ~node[1]
#node[2] = 1 & node[0] & ~node[1] | ~node[2]
#
## image, column_i=input, row_j=output
##     column i
##         |
## row j <-+
##
#
#step|nodes (decimal)
#----+--------------------
#  0: 0, 0, 1 (1)
#  1: 0, 1, 0 (2)
#  2: 0, 0, 1 (1)
#  3: 0, 1, 0 (2)
#  4: 0, 0, 1 (1)
#  5: 0, 1, 0 (2)
#  6: 0, 0, 1 (1)
#  7: 0, 1, 0 (2)
#  8: 0, 0, 1 (1)
#  9: 0, 1, 0 (2)
# 10: 0, 0, 1 (1)
